<?xml version="1.0" encoding="UTF-8"?>
<!-- Generated by org.testng.reporters.JUnitReportReporter -->
<testsuite hostname="VikashSharma" failures="0" tests="1" name="fitPeo.fitPeo.automateFitpeo" time="15.616" errors="0" timestamp="2024-08-03T09:29:55 IST" skipped="0">
  <testcase classname="fitPeo.fitPeo.automateFitpeo" name="fitPeoAutomation" time="15.616"/>
  <system-out/>
</testsuite> <!-- fitPeo.fitPeo.automateFitpeo -->
